<?xml version="1.0" encoding="UTF-8"?>
<!-- Generated by org.testng.reporters.JUnitReportReporter -->
<testsuite hostname="TVDI-045" failures="0" tests="4" name="com.task.DynamicTable" time="16.088" errors="2" timestamp="2023-12-31T12:42:04 IST" skipped="0">
  <testcase classname="com.task.DynamicTable" name="dataTableParticularValue" time="5.803"/>
  <system-out/>
  <testcase classname="com.task.DynamicTable" name="dataTable" time="0.000">
    <error message="
Parameter &#039;BrowserOne&#039; is required by @Test on method dataTable but has not been marked @Optional or defined
in C:\Users\VDI003\eclipse-workspace\45\PS\Icon\testng.xml" type="org.testng.TestNGException">
      <![CDATA[org.testng.TestNGException: 
Parameter 'BrowserOne' is required by @Test on method dataTable but has not been marked @Optional or defined
in C:\Users\VDI003\eclipse-workspace\45\PS\Icon\testng.xml
at org.testng.internal.Parameters.createParams(Parameters.java:267)
at org.testng.internal.Parameters.createParametersForMethod(Parameters.java:355)
at org.testng.internal.Parameters.createParameters(Parameters.java:684)
at org.testng.internal.Parameters.handleParameters(Parameters.java:879)
at org.testng.internal.Parameters.handleParameters(Parameters.java:728)
at org.testng.internal.invokers.ParameterHandler.handleParameters(ParameterHandler.java:72)
at org.testng.internal.invokers.ParameterHandler.createParameters(ParameterHandler.java:51)
at org.testng.internal.invokers.TestInvoker$MethodInvocationAgent.invoke(TestInvoker.java:924)
at org.testng.internal.invokers.TestInvoker.invokeTestMethods(TestInvoker.java:194)
at org.testng.internal.invokers.TestMethodWorker.invokeTestMethods(TestMethodWorker.java:148)
at org.testng.internal.invokers.TestMethodWorker.run(TestMethodWorker.java:128)
at java.base/java.util.concurrent.ThreadPoolExecutor.runWorker(ThreadPoolExecutor.java:1136)
at java.base/java.util.concurrent.ThreadPoolExecutor$Worker.run(ThreadPoolExecutor.java:635)
at java.base/java.lang.Thread.run(Thread.java:840)
]]>
    </error>
  </testcase> <!-- dataTable -->
  <system-out/>
  <testcase classname="com.task.DynamicTable" name="dataTable" time="10.285"/>
  <system-out/>
  <testcase classname="com.task.DynamicTable" name="dataTableParticularValue" time="0.000">
    <error message="
Parameter &#039;BrowserTwo&#039; is required by @Test on method dataTableParticularValue but has not been marked @Optional or defined
in C:\Users\VDI003\eclipse-workspace\45\PS\Icon\testng.xml" type="org.testng.TestNGException">
      <![CDATA[org.testng.TestNGException: 
Parameter 'BrowserTwo' is required by @Test on method dataTableParticularValue but has not been marked @Optional or defined
in C:\Users\VDI003\eclipse-workspace\45\PS\Icon\testng.xml
at org.testng.internal.Parameters.createParams(Parameters.java:267)
at org.testng.internal.Parameters.createParametersForMethod(Parameters.java:355)
at org.testng.internal.Parameters.createParameters(Parameters.java:684)
at org.testng.internal.Parameters.handleParameters(Parameters.java:879)
at org.testng.internal.Parameters.handleParameters(Parameters.java:728)
at org.testng.internal.invokers.ParameterHandler.handleParameters(ParameterHandler.java:72)
at org.testng.internal.invokers.ParameterHandler.createParameters(ParameterHandler.java:51)
at org.testng.internal.invokers.TestInvoker$MethodInvocationAgent.invoke(TestInvoker.java:924)
at org.testng.internal.invokers.TestInvoker.invokeTestMethods(TestInvoker.java:194)
at org.testng.internal.invokers.TestMethodWorker.invokeTestMethods(TestMethodWorker.java:148)
at org.testng.internal.invokers.TestMethodWorker.run(TestMethodWorker.java:128)
at java.base/java.util.concurrent.ThreadPoolExecutor.runWorker(ThreadPoolExecutor.java:1136)
at java.base/java.util.concurrent.ThreadPoolExecutor$Worker.run(ThreadPoolExecutor.java:635)
at java.base/java.lang.Thread.run(Thread.java:840)
]]>
    </error>
  </testcase> <!-- dataTableParticularValue -->
  <system-out/>
</testsuite> <!-- com.task.DynamicTable -->
